Using pre-set license
Built from '2021.1/release' branch; Version is '2021.1.0f1 (61a549675243) revision 6399305'; Using compiler version '192528614'; Build Type 'Release'
OS: 'Windows 10 Home; OS build 19042.1052; Version 2009; 64bit' Language: 'pt' Physical Memory: 8173 MB
BatchMode: 1, IsHumanControllingUs: 0, StartBugReporterOnCrash: 0, Is64bit: 1, IsPro: 0

 COMMAND LINE ARGUMENTS:
C:\Users\tassi\OneDrive\Documents\Game Dev\Unity Tests\2021.1.0f1\Editor\Unity.exe
-adb2
-batchMode
-noUpm
-name
AssetImportWorker4
-projectPath
C:/Users/tassi/OneDrive/Documents/Game Dev/Unity Tests/re-version
-logFile
Logs/AssetImportWorker4.log
-srvPort
49589
Successfully changed project path to: C:/Users/tassi/OneDrive/Documents/Game Dev/Unity Tests/re-version
C:/Users/tassi/OneDrive/Documents/Game Dev/Unity Tests/re-version
Using Asset Import Pipeline V2.
Refreshing native plugins compatible for Editor in 183.65 ms, found 2 plugins.
Preloading 0 native plugins for Editor in 0.00 ms.
Initialize engine version: 2021.1.0f1 (61a549675243)
[Subsystems] Discovering subsystems at path C:/Users/tassi/OneDrive/Documents/Game Dev/Unity Tests/2021.1.0f1/Editor/Data/Resources/UnitySubsystems
[Subsystems] Discovering subsystems at path C:/Users/tassi/OneDrive/Documents/Game Dev/Unity Tests/re-version/Assets
GfxDevice: creating device client; threaded=0; jobified=0
Direct3D:
    Version:  Direct3D 11.0 [level 11.1]
    Renderer: NVIDIA GeForce GTX 950 (ID=0x1402)
    Vendor:   NVIDIA
    VRAM:     2007 MB
    Driver:   27.21.14.6140
Initialize mono
Mono path[0] = 'C:/Users/tassi/OneDrive/Documents/Game Dev/Unity Tests/2021.1.0f1/Editor/Data/Managed'
Mono path[1] = 'C:/Users/tassi/OneDrive/Documents/Game Dev/Unity Tests/2021.1.0f1/Editor/Data/MonoBleedingEdge/lib/mono/unityjit'
Mono config path = 'C:/Users/tassi/OneDrive/Documents/Game Dev/Unity Tests/2021.1.0f1/Editor/Data/MonoBleedingEdge/etc'
Using monoOptions --debugger-agent=transport=dt_socket,embedding=1,server=y,suspend=n,address=127.0.0.1:56928
Begin MonoManager ReloadAssembly
Registering precompiled unity dll's ...
Register platform support module: C:/Users/tassi/OneDrive/Documents/Game Dev/Unity Tests/2021.1.0f1/Editor/Data/PlaybackEngines/WindowsStandaloneSupport/UnityEditor.WindowsStandalone.Extensions.dll
Registered in 0.004251 seconds.
Native extension for WindowsStandalone target not found
Refreshing native plugins compatible for Editor in 170.51 ms, found 2 plugins.
Preloading 0 native plugins for Editor in 0.00 ms.
Mono: successfully reloaded assembly
- Completed reload, in  2.282 seconds
Platform modules already initialized, skipping
Registering precompiled user dll's ...
Registered in 0.006462 seconds.
Begin MonoManager ReloadAssembly
Native extension for WindowsStandalone target not found
Refreshing native plugins compatible for Editor in 176.62 ms, found 2 plugins.
Preloading 0 native plugins for Editor in 0.00 ms.
Mono: successfully reloaded assembly
- Completed reload, in  2.182 seconds
Platform modules already initialized, skipping
========================================================================
Worker process is ready to serve import requests
Launched and connected shader compiler UnityShaderCompiler.exe after 0.46 seconds
Refreshing native plugins compatible for Editor in 1.16 ms, found 2 plugins.
Preloading 0 native plugins for Editor in 0.00 ms.
Unloading 3390 Unused Serialized files (Serialized files now loaded: 0)
System memory in use before: 149.3 MB.
System memory in use after: 149.4 MB.

Unloading 28 unused Assets to reduce memory usage. Loaded Objects now: 3866.
Total: 4.184700 ms (FindLiveObjects: 0.536600 ms CreateObjectMapping: 0.393900 ms MarkObjects: 2.882600 ms  DeleteObjects: 0.370200 ms)

========================================================================
Received Import Request.
  path: Assets/Scripts/MemoryController.cs
  artifactKey: Guid(f0543fb220a54764aa7ad8f8778ef5a8) Importer(815301076,1909f56bfc062723c751e8b465ee728b)
Start importing Assets/Scripts/MemoryController.cs using Guid(f0543fb220a54764aa7ad8f8778ef5a8) Importer(815301076,1909f56bfc062723c751e8b465ee728b)  -> (artifact id: '1598f2ec7cc44cf7f2d2f5aed8ecf475') in 0.248737 seconds 
========================================================================
Received Prepare
Registering precompiled user dll's ...
Registered in 0.007942 seconds.
Begin MonoManager ReloadAssembly
Native extension for WindowsStandalone target not found
Refreshing native plugins compatible for Editor in 1.14 ms, found 2 plugins.
Preloading 0 native plugins for Editor in 0.00 ms.
Mono: successfully reloaded assembly
- Completed reload, in  1.836 seconds
Platform modules already initialized, skipping
Refreshing native plugins compatible for Editor in 1.24 ms, found 2 plugins.
Preloading 0 native plugins for Editor in 0.00 ms.
Unloading 3372 Unused Serialized files (Serialized files now loaded: 0)
System memory in use before: 148.4 MB.
System memory in use after: 148.5 MB.

Unloading 17 unused Assets to reduce memory usage. Loaded Objects now: 3870.
Total: 4.576700 ms (FindLiveObjects: 0.591400 ms CreateObjectMapping: 0.218000 ms MarkObjects: 3.493200 ms  DeleteObjects: 0.272400 ms)

========================================================================
Received Prepare
Registering precompiled user dll's ...
Registered in 0.007761 seconds.
Begin MonoManager ReloadAssembly
Native extension for WindowsStandalone target not found
Refreshing native plugins compatible for Editor in 1.17 ms, found 2 plugins.
Preloading 0 native plugins for Editor in 0.00 ms.
Mono: successfully reloaded assembly
- Completed reload, in  1.988 seconds
Platform modules already initialized, skipping
Refreshing native plugins compatible for Editor in 1.33 ms, found 2 plugins.
Preloading 0 native plugins for Editor in 0.00 ms.
Unloading 3372 Unused Serialized files (Serialized files now loaded: 0)
System memory in use before: 148.4 MB.
System memory in use after: 148.6 MB.

Unloading 17 unused Assets to reduce memory usage. Loaded Objects now: 3874.
Total: 5.786400 ms (FindLiveObjects: 1.374100 ms CreateObjectMapping: 0.268300 ms MarkObjects: 3.804000 ms  DeleteObjects: 0.338400 ms)

========================================================================
Received Prepare
Registering precompiled user dll's ...
Registered in 0.007779 seconds.
Begin MonoManager ReloadAssembly
Native extension for WindowsStandalone target not found
Refreshing native plugins compatible for Editor in 1.30 ms, found 2 plugins.
Preloading 0 native plugins for Editor in 0.00 ms.
Mono: successfully reloaded assembly
- Completed reload, in  2.016 seconds
Platform modules already initialized, skipping
Refreshing native plugins compatible for Editor in 1.23 ms, found 2 plugins.
Preloading 0 native plugins for Editor in 0.00 ms.
Unloading 3372 Unused Serialized files (Serialized files now loaded: 0)
System memory in use before: 148.5 MB.
System memory in use after: 148.6 MB.

Unloading 17 unused Assets to reduce memory usage. Loaded Objects now: 3878.
Total: 5.963900 ms (FindLiveObjects: 0.575300 ms CreateObjectMapping: 0.243400 ms MarkObjects: 4.843400 ms  DeleteObjects: 0.299500 ms)

AssetImportWorkerClient::OnTransportError - code=2 error=End of file
