Using pre-set license
Built from '2021.1/release' branch; Version is '2021.1.0f1 (61a549675243) revision 6399305'; Using compiler version '192528614'; Build Type 'Release'
OS: 'Windows 10 Home; OS build 19042.1052; Version 2009; 64bit' Language: 'pt' Physical Memory: 8173 MB
BatchMode: 1, IsHumanControllingUs: 0, StartBugReporterOnCrash: 0, Is64bit: 1, IsPro: 0

 COMMAND LINE ARGUMENTS:
C:\Users\tassi\OneDrive\Documents\Game Dev\Unity Tests\2021.1.0f1\Editor\Unity.exe
-adb2
-batchMode
-noUpm
-name
AssetImportWorker2
-projectPath
C:/Users/tassi/OneDrive/Documents/Game Dev/Unity Tests/re-version
-logFile
Logs/AssetImportWorker2.log
-srvPort
54641
Successfully changed project path to: C:/Users/tassi/OneDrive/Documents/Game Dev/Unity Tests/re-version
C:/Users/tassi/OneDrive/Documents/Game Dev/Unity Tests/re-version
Using Asset Import Pipeline V2.
Refreshing native plugins compatible for Editor in 164.87 ms, found 2 plugins.
Preloading 0 native plugins for Editor in 0.00 ms.
Initialize engine version: 2021.1.0f1 (61a549675243)
[Subsystems] Discovering subsystems at path C:/Users/tassi/OneDrive/Documents/Game Dev/Unity Tests/2021.1.0f1/Editor/Data/Resources/UnitySubsystems
[Subsystems] Discovering subsystems at path C:/Users/tassi/OneDrive/Documents/Game Dev/Unity Tests/re-version/Assets
GfxDevice: creating device client; threaded=0; jobified=0
Direct3D:
    Version:  Direct3D 11.0 [level 11.1]
    Renderer: NVIDIA GeForce GTX 950 (ID=0x1402)
    Vendor:   NVIDIA
    VRAM:     2007 MB
    Driver:   27.21.14.6140
Initialize mono
Mono path[0] = 'C:/Users/tassi/OneDrive/Documents/Game Dev/Unity Tests/2021.1.0f1/Editor/Data/Managed'
Mono path[1] = 'C:/Users/tassi/OneDrive/Documents/Game Dev/Unity Tests/2021.1.0f1/Editor/Data/MonoBleedingEdge/lib/mono/unityjit'
Mono config path = 'C:/Users/tassi/OneDrive/Documents/Game Dev/Unity Tests/2021.1.0f1/Editor/Data/MonoBleedingEdge/etc'
Using monoOptions --debugger-agent=transport=dt_socket,embedding=1,server=y,suspend=n,address=127.0.0.1:56692
Begin MonoManager ReloadAssembly
